#
# A fatal error has been detected by the Java Runtime Environment:
#
#  SIGBUS (0xa) at pc=0x00007fff4322e223, pid=3505, tid=0x000000000000c37b
#
# JRE version: Java(TM) SE Runtime Environment (8.0_112-b16) (build 1.8.0_112-b16)
# Java VM: Java HotSpot(TM) 64-Bit Server VM (25.112-b16 mixed mode bsd-amd64 compressed oops)
# Problematic frame:
# C  [libFontParser.dylib+0x2223]  _ZNK9TSFNTFont9GetFormatEv+0x5b
#
# Failed to write core dump. Core dumps have been disabled. To enable core dumping, try "ulimit -c unlimited" before starting Java again
#
# If you would like to submit a bug report, please visit:
#   http://bugreport.java.com/bugreport/crash.jsp
# The crash happened outside the Java Virtual Machine in native code.
# See problematic frame for where to report the bug.
#

---------------  T H R E A D  ---------------

Current thread (0x00007fc28ea16800):  JavaThread "AWT-EventQueue-0" [_thread_in_native, id=50043, stack(0x00007000028a0000,0x00007000029a0000)]

siginfo: si_signo: 10 (SIGBUS), si_code: 2 (BUS_ADRERR), si_addr: 0x0000000150e19000

Registers:
RAX=0x00000000000570e0, RBX=0x000000002d2d2d2d, RCX=0x0000000000000000, RDX=0x0000000000000000
RSP=0x000070000299ae90, RBP=0x000070000299aec0, RSI=0x00007fc292bdf418, RDI=0x000070000299ae90
R8 =0x00007fff9eab08a8, R9 =0x00007fc28e800000, R10=0x000000010dc3f3e0, R11=0x00007fc28e900000
R12=0x0000000073666e74, R13=0x000070000299be00, R14=0x0000000150e19000, R15=0x00007fff43279086
RIP=0x00007fff4322e223, EFLAGS=0x0000000000010212, ERR=0x0000000000000004
  TRAPNO=0x000000000000000e

Top of Stack: (sp=0x000070000299ae90)
0x000070000299ae90:   00007fff9eab09c8 00007fc292bdf400
0x000070000299aea0:   0000000000000000 000070000299b1e0
0x000070000299aeb0:   0000000000000000 0000000000000000
0x000070000299aec0:   000070000299aee0 00007fff4322e0c0
0x000070000299aed0:   00007fff9eab36f0 000070000299be49
0x000070000299aee0:   000070000299bd50 00007fff4327a3d7
0x000070000299aef0:   000000010dc3f080 000000010dc3f080
0x000070000299af00:   000070000299af90 00007fff6c4ee758
0x000070000299af10:   000070000299af50 6d6f767273666e74
0x000070000299af20:   0000ffffffff0000 00007fc292bfc080
0x000070000299af30:   0000000000000005 00000000000001d0
0x000070000299af40:   ff80000000001000 00007fc292bdffff
0x000070000299af50:   000000010dc3f080 00007fc292b00000
0x000070000299af60:   000000010dc41a00 0000000000000000
0x000070000299af70:   000000010dc41a00 000000010dc41a00
0x000070000299af80:   0000000000000000 00007fc292b00000
0x000070000299af90:   000070000299aff0 000000010dc3f080
0x000070000299afa0:   0000000000000003 000000010dc41a00
0x000070000299afb0:   000000010dc3e000 000000010dc41a00
0x000070000299afc0:   0000000000000040 00007fff9f0cd570
0x000070000299afd0:   00007fff9ef98710 0000000000000040
0x000070000299afe0:   00007fffa5644000 0000000000000040
0x000070000299aff0:   00000000000570e0 0000000000000000
0x000070000299b000:   00007fff9ef98710 0000000000000001
0x000070000299b010:   0000000000000007 00007fff9f0cd570
0x000070000299b020:   000070000299b080 00007fff44c303cb
0x000070000299b030:   0000000000000000 0000000000000000
0x000070000299b040:   0000000000000001 00007fff00000001
0x000070000299b050:   01007fc290d73ac8 0000000000000001
0x000070000299b060:   00007fc28e46d801 0000000000000000
0x000070000299b070:   0000000000000025 00007fff9f0cd570
0x000070000299b080:   000070000299b520 00007fff44c330d9 

Instructions: (pc=0x00007fff4322e223)
0x00007fff4322e203:   7f 00 00 00 49 89 c6 bb 2d 2d 2d 2d 4d 85 f6 74
0x00007fff4322e213:   14 48 8d 7d d0 e8 1b 02 00 00 48 83 f8 04 72 05
0x00007fff4322e223:   41 8b 1e 0f cb 48 8d 7d d0 e8 7b 00 00 00 89 d8
0x00007fff4322e233:   48 83 c4 18 5b 41 5e 41 5f 5d c3 48 89 c3 48 8d 

Register to memory mapping:

RAX=0x00000000000570e0 is an unknown value
RBX=0x000000002d2d2d2d is an unknown value
RCX=0x0000000000000000 is an unknown value
RDX=0x0000000000000000 is an unknown value
RSP=0x000070000299ae90 is pointing into the stack for thread: 0x00007fc28ea16800
RBP=0x000070000299aec0 is pointing into the stack for thread: 0x00007fc28ea16800
RSI=0x00007fc292bdf418 is an unknown value
RDI=0x000070000299ae90 is pointing into the stack for thread: 0x00007fc28ea16800
R8 =0x00007fff9eab08a8: _ZTV18TFileDataSurrogate+0x10 in /System/Library/Frameworks/ApplicationServices.framework/Versions/A/Frameworks/ATS.framework/Versions/A/Resources/libFontParser.dylib at 0x00007fff4322c000
R9 =0x00007fc28e800000 is an unknown value
R10=0x000000010dc3f3e0 is an unknown value
R11=0x00007fc28e900000 is an unknown value
R12=0x0000000073666e74 is an unknown value
R13=0x000070000299be00 is pointing into the stack for thread: 0x00007fc28ea16800
R14=0x0000000150e19000 is an unknown value
R15=0x00007fff43279086: _ZNK9TFontData11GetFontDataEim+0 in /System/Library/Frameworks/ApplicationServices.framework/Versions/A/Frameworks/ATS.framework/Versions/A/Resources/libFontParser.dylib at 0x00007fff4322c000


Stack: [0x00007000028a0000,0x00007000029a0000],  sp=0x000070000299ae90,  free space=1003k
Native frames: (J=compiled Java code, j=interpreted, Vv=VM code, C=native code)
C  [libFontParser.dylib+0x2223]  _ZNK9TSFNTFont9GetFormatEv+0x5b
C  [libFontParser.dylib+0x20c0]  _ZN13TTrueTypeFont14IsTrueTypeFontERK9TSFNTFont+0xe
C  [libFontParser.dylib+0x4e3d7]  _ZN5TFont18CreateFontEntitiesEPKcbRbsS1_b+0xc1d
C  [libFontParser.dylib+0x50190]  _ZN5TFont25CreateFontEntitiesForFileEPKcbbsS1_+0xf0
C  [libFontParser.dylib+0x1427]  FPFontCreateFontsWithPath+0xa1
C  [CoreGraphics+0x32c38b]  create_private_data_array_with_path+0x1d
C  [CoreGraphics+0x1ace7]  CGFontCreateFontsWithPath+0x1a
C  [CoreGraphics+0x1a934]  CGFontCreateFontsWithURL+0x175
C  [CoreText+0xe5cac]  _Z18CreateFontsWithURLPK7__CFURLb+0xc7
C  [CoreText+0xb88c]  _Z21CreateFontWithFontURLPK7__CFURLb+0x3a
C  [CoreText+0xe64ae]  _ZN12TCGFontCache8CopyFontEPK7__CFURLb+0xa2
C  [CoreText+0xb5b1]  _ZNK9TBaseFont14CopyNativeFontEv+0x8d
C  [CoreText+0xb500]  _ZNK9TBaseFont16CopyGraphicsFontEv+0x12
C  [CoreText+0x19c54]  CTFontCopyGraphicsFont+0x74
C  [libawt_lwawt.dylib+0x2e8a]  -[AWTFont initWithFont:]+0x65
C  [libawt_lwawt.dylib+0x3082]  +[AWTFont awtFontForName:style:]+0xe6
C  [libawt_lwawt.dylib+0x344b]  Java_sun_font_CFont_createNativeFont+0x51
J 377  sun.font.CFont.createNativeFont(Ljava/lang/String;I)J (0 bytes) @ 0x000000011a8dabc4 [0x000000011a8dab00+0xc4]
J 351 C1 sun.font.CFont.getWidth()I (198 bytes) @ 0x000000011a8c517c [0x000000011a8c4ee0+0x29c]
J 364 C1 sun.font.FontFamily.preferredWidth(Lsun/font/Font2D;)Z (216 bytes) @ 0x000000011a8d0034 [0x000000011a8cff20+0x114]
J 363 C1 sun.font.FontFamily.setFont(Lsun/font/Font2D;I)V (337 bytes) @ 0x000000011a8cc8cc [0x000000011a8cab40+0x1d8c]
J 375 C1 sun.font.CFontManager.registerGenericFont(Lsun/font/Font2D;Z)Lsun/font/Font2D; (199 bytes) @ 0x000000011a8df02c [0x000000011a8ddf60+0x10cc]
J 365 C1 sun.font.CFontManager.registerFont(Ljava/lang/String;Ljava/lang/String;)V (17 bytes) @ 0x000000011a8c8074 [0x000000011a8c7e20+0x254]
v  ~StubRoutines::call_stub
V  [libjvm.dylib+0x2edbd2]
V  [libjvm.dylib+0x324d61]
V  [libjvm.dylib+0x317679]
C  [JavaNativeFoundation+0x367b]  JNFCallVoidMethod+0xaf
C  [libawt_lwawt.dylib+0x2d87]  Java_sun_font_CFontManager_loadNativeFonts+0x2ba
j  sun.font.CFontManager.loadNativeFonts()V+0
j  sun.font.CFontManager.access$100(Lsun/font/CFontManager;)V+1
j  sun.font.CFontManager$3.run()Ljava/lang/Object;+14
v  ~StubRoutines::call_stub
V  [libjvm.dylib+0x2edbd2]
V  [libjvm.dylib+0x34e310]
j  java.security.AccessController.doPrivileged(Ljava/security/PrivilegedAction;)Ljava/lang/Object;+0
j  sun.font.CFontManager.loadFonts()V+19
j  sun.font.SunFontManager.findFont2D(Ljava/lang/String;II)Lsun/font/Font2D;+932
j  java.awt.Font.getFont2D()Lsun/font/Font2D;+86
j  java.awt.Font.getFamily(Ljava/util/Locale;)Ljava/lang/String;+15
j  java.awt.Font.getFamily_NoClientCode()Ljava/lang/String;+4
j  java.awt.Font.getFamily()Ljava/lang/String;+1
j  sun.swing.SwingUtilities2.displayPropertiesToCSS(Ljava/awt/Font;Ljava/awt/Color;)Ljava/lang/String;+23
j  javax.swing.plaf.basic.BasicHTML$BasicDocument.setFontAndColor(Ljava/awt/Font;Ljava/awt/Color;)V+6
j  javax.swing.plaf.basic.BasicHTML$BasicDocument.<init>(Ljavax/swing/text/html/StyleSheet;Ljava/awt/Font;Ljava/awt/Color;)V+13
j  javax.swing.plaf.basic.BasicHTML$BasicEditorKit.createDefaultDocument(Ljava/awt/Font;Ljava/awt/Color;)Ljavax/swing/text/Document;+28
j  javax.swing.plaf.basic.BasicHTML.createHTMLView(Ljavax/swing/JComponent;Ljava/lang/String;)Ljavax/swing/text/View;+13
j  javax.swing.plaf.basic.BasicHTML.updateRenderer(Ljavax/swing/JComponent;Ljava/lang/String;)V+40
j  javax.swing.plaf.basic.BasicLabelUI.installComponents(Ljavax/swing/JLabel;)V+5
j  javax.swing.plaf.basic.BasicLabelUI.installUI(Ljavax/swing/JComponent;)V+13
j  javax.swing.JComponent.setUI(Ljavax/swing/plaf/ComponentUI;)V+39
j  javax.swing.JLabel.setUI(Ljavax/swing/plaf/LabelUI;)V+2
j  javax.swing.JLabel.updateUI()V+8
j  javax.swing.JLabel.<init>(Ljava/lang/String;Ljavax/swing/Icon;I)V+83
j  javax.swing.JLabel.<init>(Ljava/lang/String;I)V+4
j  view.AboutPanel.<init>(Ljava/lang/String;)V+16
j  view.MainFrame.<init>()V+42
j  view.GUI.<init>()V+9
j  main.Main$1.run()V+4
j  java.awt.event.InvocationEvent.dispatch()V+47
j  java.awt.EventQueue.dispatchEventImpl(Ljava/awt/AWTEvent;Ljava/lang/Object;)V+21
j  java.awt.EventQueue.access$500(Ljava/awt/EventQueue;Ljava/awt/AWTEvent;Ljava/lang/Object;)V+3
j  java.awt.EventQueue$3.run()Ljava/lang/Void;+32
j  java.awt.EventQueue$3.run()Ljava/lang/Object;+1
v  ~StubRoutines::call_stub
V  [libjvm.dylib+0x2edbd2]
V  [libjvm.dylib+0x34e310]
j  java.security.AccessController.doPrivileged(Ljava/security/PrivilegedAction;Ljava/security/AccessControlContext;)Ljava/lang/Object;+0
j  java.security.ProtectionDomain$JavaSecurityAccessImpl.doIntersectionPrivilege(Ljava/security/PrivilegedAction;Ljava/security/AccessControlContext;Ljava/security/AccessControlContext;)Ljava/lang/Object;+18
j  java.awt.EventQueue.dispatchEvent(Ljava/awt/AWTEvent;)V+46
j  java.awt.EventDispatchThread.pumpOneEventForFilters(I)V+245
j  java.awt.EventDispatchThread.pumpEventsForFilter(ILjava/awt/Conditional;Ljava/awt/EventFilter;)V+35
j  java.awt.EventDispatchThread.pumpEventsForHierarchy(ILjava/awt/Conditional;Ljava/awt/Component;)V+11
j  java.awt.EventDispatchThread.pumpEvents(ILjava/awt/Conditional;)V+4
j  java.awt.EventDispatchThread.pumpEvents(Ljava/awt/Conditional;)V+3
j  java.awt.EventDispatchThread.run()V+9
v  ~StubRoutines::call_stub
V  [libjvm.dylib+0x2edbd2]
V  [libjvm.dylib+0x2ee360]
V  [libjvm.dylib+0x2ee50c]
V  [libjvm.dylib+0x348c59]
V  [libjvm.dylib+0x56b033]
V  [libjvm.dylib+0x56c720]
V  [libjvm.dylib+0x48a7ae]
C  [libsystem_pthread.dylib+0x36c1]  _pthread_body+0x154
C  [libsystem_pthread.dylib+0x356d]  _pthread_body+0x0
C  [libsystem_pthread.dylib+0x2c5d]  thread_start+0xd
C  0x0000000000000000

Java frames: (J=compiled Java code, j=interpreted, Vv=VM code)
J 377  sun.font.CFont.createNativeFont(Ljava/lang/String;I)J (0 bytes) @ 0x000000011a8dab52 [0x000000011a8dab00+0x52]
J 351 C1 sun.font.CFont.getWidth()I (198 bytes) @ 0x000000011a8c517c [0x000000011a8c4ee0+0x29c]
J 364 C1 sun.font.FontFamily.preferredWidth(Lsun/font/Font2D;)Z (216 bytes) @ 0x000000011a8d0034 [0x000000011a8cff20+0x114]
J 363 C1 sun.font.FontFamily.setFont(Lsun/font/Font2D;I)V (337 bytes) @ 0x000000011a8cc8cc [0x000000011a8cab40+0x1d8c]
J 375 C1 sun.font.CFontManager.registerGenericFont(Lsun/font/Font2D;Z)Lsun/font/Font2D; (199 bytes) @ 0x000000011a8df02c [0x000000011a8ddf60+0x10cc]
J 365 C1 sun.font.CFontManager.registerFont(Ljava/lang/String;Ljava/lang/String;)V (17 bytes) @ 0x000000011a8c8074 [0x000000011a8c7e20+0x254]
v  ~StubRoutines::call_stub
j  sun.font.CFontManager.loadNativeFonts()V+0
j  sun.font.CFontManager.access$100(Lsun/font/CFontManager;)V+1
j  sun.font.CFontManager$3.run()Ljava/lang/Object;+14
v  ~StubRoutines::call_stub
j  java.security.AccessController.doPrivileged(Ljava/security/PrivilegedAction;)Ljava/lang/Object;+0
j  sun.font.CFontManager.loadFonts()V+19
j  sun.font.SunFontManager.findFont2D(Ljava/lang/String;II)Lsun/font/Font2D;+932
j  java.awt.Font.getFont2D()Lsun/font/Font2D;+86
j  java.awt.Font.getFamily(Ljava/util/Locale;)Ljava/lang/String;+15
j  java.awt.Font.getFamily_NoClientCode()Ljava/lang/String;+4
j  java.awt.Font.getFamily()Ljava/lang/String;+1
j  sun.swing.SwingUtilities2.displayPropertiesToCSS(Ljava/awt/Font;Ljava/awt/Color;)Ljava/lang/String;+23
j  javax.swing.plaf.basic.BasicHTML$BasicDocument.setFontAndColor(Ljava/awt/Font;Ljava/awt/Color;)V+6
j  javax.swing.plaf.basic.BasicHTML$BasicDocument.<init>(Ljavax/swing/text/html/StyleSheet;Ljava/awt/Font;Ljava/awt/Color;)V+13
j  javax.swing.plaf.basic.BasicHTML$BasicEditorKit.createDefaultDocument(Ljava/awt/Font;Ljava/awt/Color;)Ljavax/swing/text/Document;+28
j  javax.swing.plaf.basic.BasicHTML.createHTMLView(Ljavax/swing/JComponent;Ljava/lang/String;)Ljavax/swing/text/View;+13
j  javax.swing.plaf.basic.BasicHTML.updateRenderer(Ljavax/swing/JComponent;Ljava/lang/String;)V+40
j  javax.swing.plaf.basic.BasicLabelUI.installComponents(Ljavax/swing/JLabel;)V+5
j  javax.swing.plaf.basic.BasicLabelUI.installUI(Ljavax/swing/JComponent;)V+13
j  javax.swing.JComponent.setUI(Ljavax/swing/plaf/ComponentUI;)V+39
j  javax.swing.JLabel.setUI(Ljavax/swing/plaf/LabelUI;)V+2
j  javax.swing.JLabel.updateUI()V+8
j  javax.swing.JLabel.<init>(Ljava/lang/String;Ljavax/swing/Icon;I)V+83
j  javax.swing.JLabel.<init>(Ljava/lang/String;I)V+4
j  view.AboutPanel.<init>(Ljava/lang/String;)V+16
j  view.MainFrame.<init>()V+42
j  view.GUI.<init>()V+9
j  main.Main$1.run()V+4
j  java.awt.event.InvocationEvent.dispatch()V+47
j  java.awt.EventQueue.dispatchEventImpl(Ljava/awt/AWTEvent;Ljava/lang/Object;)V+21
j  java.awt.EventQueue.access$500(Ljava/awt/EventQueue;Ljava/awt/AWTEvent;Ljava/lang/Object;)V+3
j  java.awt.EventQueue$3.run()Ljava/lang/Void;+32
j  java.awt.EventQueue$3.run()Ljava/lang/Object;+1
v  ~StubRoutines::call_stub
j  java.security.AccessController.doPrivileged(Ljava/security/PrivilegedAction;Ljava/security/AccessControlContext;)Ljava/lang/Object;+0
j  java.security.ProtectionDomain$JavaSecurityAccessImpl.doIntersectionPrivilege(Ljava/security/PrivilegedAction;Ljava/security/AccessControlContext;Ljava/security/AccessControlContext;)Ljava/lang/Object;+18
j  java.awt.EventQueue.dispatchEvent(Ljava/awt/AWTEvent;)V+46
j  java.awt.EventDispatchThread.pumpOneEventForFilters(I)V+245
j  java.awt.EventDispatchThread.pumpEventsForFilter(ILjava/awt/Conditional;Ljava/awt/EventFilter;)V+35
j  java.awt.EventDispatchThread.pumpEventsForHierarchy(ILjava/awt/Conditional;Ljava/awt/Component;)V+11
j  java.awt.EventDispatchThread.pumpEvents(ILjava/awt/Conditional;)V+4
j  java.awt.EventDispatchThread.pumpEvents(Ljava/awt/Conditional;)V+3
j  java.awt.EventDispatchThread.run()V+9
v  ~StubRoutines::call_stub

---------------  P R O C E S S  ---------------

Java Threads: ( => current thread )
  0x00007fc28eb05000 JavaThread "Java2D Disposer" daemon [_thread_blocked, id=62223, stack(0x0000700002aa6000,0x0000700002ba6000)]
  0x00007fc28e808800 JavaThread "Java2D Queue Flusher" daemon [_thread_blocked, id=58119, stack(0x00007000029a3000,0x0000700002aa3000)]
  0x00007fc290270800 JavaThread "DestroyJavaVM" [_thread_blocked, id=6915, stack(0x0000700001767000,0x0000700001867000)]
=>0x00007fc28ea16800 JavaThread "AWT-EventQueue-0" [_thread_in_native, id=50043, stack(0x00007000028a0000,0x00007000029a0000)]
  0x00007fc290106800 JavaThread "AWT-Shutdown" [_thread_blocked, id=29995, stack(0x0000700002591000,0x0000700002691000)]
  0x00007fc28e87f800 JavaThread "AppKit Thread" daemon [_thread_in_native, id=775, stack(0x00007ffee17de000,0x00007ffee1fde000)]
  0x00007fc28e85a000 JavaThread "Service Thread" daemon [_thread_blocked, id=18435, stack(0x000070000238b000,0x000070000248b000)]
  0x00007fc28e83c800 JavaThread "C1 CompilerThread2" daemon [_thread_blocked, id=17923, stack(0x0000700002288000,0x0000700002388000)]
  0x00007fc28e83b800 JavaThread "C2 CompilerThread1" daemon [_thread_blocked, id=17411, stack(0x0000700002185000,0x0000700002285000)]
  0x00007fc28e823800 JavaThread "C2 CompilerThread0" daemon [_thread_blocked, id=16899, stack(0x0000700002082000,0x0000700002182000)]
  0x00007fc28f004000 JavaThread "Signal Dispatcher" daemon [_thread_blocked, id=16395, stack(0x0000700001f7f000,0x000070000207f000)]
  0x00007fc29004a800 JavaThread "Finalizer" daemon [_thread_blocked, id=13059, stack(0x0000700001e7c000,0x0000700001f7c000)]
  0x00007fc28e822800 JavaThread "Reference Handler" daemon [_thread_blocked, id=12547, stack(0x0000700001d79000,0x0000700001e79000)]

Other Threads:
  0x00007fc28e81e000 VMThread [stack: 0x0000700001c76000,0x0000700001d76000] [id=12035]
  0x00007fc28e832000 WatcherThread [stack: 0x000070000248e000,0x000070000258e000] [id=18947]

VM state:not at safepoint (normal execution)

VM Mutex/Monitor currently owned by a thread: None

Heap:
 PSYoungGen      total 18944K, used 5574K [0x00000007aab00000, 0x00000007ac000000, 0x00000007c0000000)
  eden space 16384K, 34% used [0x00000007aab00000,0x00000007ab071820,0x00000007abb00000)
  from space 2560K, 0% used [0x00000007abd80000,0x00000007abd80000,0x00000007ac000000)
  to   space 2560K, 0% used [0x00000007abb00000,0x00000007abb00000,0x00000007abd80000)
 ParOldGen       total 44032K, used 0K [0x0000000780000000, 0x0000000782b00000, 0x00000007aab00000)
  object space 44032K, 0% used [0x0000000780000000,0x0000000780000000,0x0000000782b00000)
 Metaspace       used 9168K, capacity 9342K, committed 9472K, reserved 1056768K
  class space    used 1139K, capacity 1215K, committed 1280K, reserved 1048576K

Card table byte_map: [0x000000010f962000,0x000000010fb63000] byte_map_base: 0x000000010bd62000

Marking Bits: (ParMarkBitMap*) 0x000000010eef0d30
 Begin Bits: [0x000000010fcb9000, 0x0000000110cb9000)
 End Bits:   [0x0000000110cb9000, 0x0000000111cb9000)

Polling page: 0x000000010dc9e000

CodeCache: size=245760Kb used=1893Kb max_used=1893Kb free=243866Kb
 bounds [0x000000011a708000, 0x000000011a978000, 0x0000000129708000]
 total_blobs=840 nmethods=389 adapters=365
 compilation: enabled

Compilation events (10 events):
Event: 10.938 Thread 0x00007fc28e83c800  384       3       java.util.concurrent.locks.AbstractQueuedSynchronizer::setState (6 bytes)
Event: 10.938 Thread 0x00007fc28e83c800 nmethod 384 0x000000011a8d5590 code [0x000000011a8d56e0, 0x000000011a8d5830]
Event: 11.040 Thread 0x00007fc28e83c800  385       3       java.util.concurrent.locks.ReentrantLock::unlock (10 bytes)
Event: 11.041 Thread 0x00007fc28e83c800 nmethod 385 0x000000011a8e05d0 code [0x000000011a8e0760, 0x000000011a8e0b58]
Event: 11.041 Thread 0x00007fc28e83c800  386       3       java.util.concurrent.locks.AbstractQueuedSynchronizer::release (33 bytes)
Event: 11.041 Thread 0x00007fc28e83c800 nmethod 386 0x000000011a8e0c90 code [0x000000011a8e0e20, 0x000000011a8e1138]
Event: 15.851 Thread 0x00007fc28e83c800  387       1       sun.java2d.opengl.OGLRenderQueue::access$000 (5 bytes)
Event: 15.852 Thread 0x00007fc28e83c800 nmethod 387 0x000000011a8d52d0 code [0x000000011a8d5420, 0x000000011a8d5510]
Event: 24.148 Thread 0x00007fc28e83c800  388       3       java.util.concurrent.locks.ReentrantLock$Sync::tryRelease (45 bytes)
Event: 24.149 Thread 0x00007fc28e83c800 nmethod 388 0x000000011a8e1210 code [0x000000011a8e13a0, 0x000000011a8e1948]

GC Heap History (0 events):
No events

Deoptimization events (0 events):
No events

Internal exceptions (10 events):
Event: 0.164 Thread 0x00007fc28e808800 Exception <a 'java/lang/NoSuchMethodError': Method sun.misc.Unsafe.defineClass(Ljava/lang/String;[BII)Ljava/lang/Class; name or signature does not match> (0x00000007aab07c78) thrown at [/Users/java_re/workspace/8-2-build-macosx-x86_64/jdk8u112/7935/hotspo
Event: 0.164 Thread 0x00007fc28e808800 Exception <a 'java/lang/NoSuchMethodError': Method sun.misc.Unsafe.prefetchRead(Ljava/lang/Object;J)V name or signature does not match> (0x00000007aab07f60) thrown at [/Users/java_re/workspace/8-2-build-macosx-x86_64/jdk8u112/7935/hotspot/src/share/vm/pri
Event: 0.846 Thread 0x00007fc28e808800 Exception <a 'java/security/PrivilegedActionException'> (0x00000007aab8b698) thrown at [/Users/java_re/workspace/8-2-build-macosx-x86_64/jdk8u112/7935/hotspot/src/share/vm/prims/jvm.cpp, line 1390]
Event: 0.846 Thread 0x00007fc28e808800 Exception <a 'java/security/PrivilegedActionException'> (0x00000007aab8b8a8) thrown at [/Users/java_re/workspace/8-2-build-macosx-x86_64/jdk8u112/7935/hotspot/src/share/vm/prims/jvm.cpp, line 1390]
Event: 0.847 Thread 0x00007fc28e808800 Exception <a 'java/security/PrivilegedActionException'> (0x00000007aab8ebb0) thrown at [/Users/java_re/workspace/8-2-build-macosx-x86_64/jdk8u112/7935/hotspot/src/share/vm/prims/jvm.cpp, line 1390]
Event: 0.847 Thread 0x00007fc28e808800 Exception <a 'java/security/PrivilegedActionException'> (0x00000007aab8edc0) thrown at [/Users/java_re/workspace/8-2-build-macosx-x86_64/jdk8u112/7935/hotspot/src/share/vm/prims/jvm.cpp, line 1390]
Event: 1.040 Thread 0x00007fc28e808800 Exception <a 'java/lang/NoSuchFieldError': method resolution failed> (0x00000007aacade78) thrown at [/Users/java_re/workspace/8-2-build-macosx-x86_64/jdk8u112/7935/hotspot/src/share/vm/prims/methodHandles.cpp, line 1146]
Event: 1.042 Thread 0x00007fc28e808800 Exception <a 'java/lang/NoSuchFieldError': method resolution failed> (0x00000007aacbb648) thrown at [/Users/java_re/workspace/8-2-build-macosx-x86_64/jdk8u112/7935/hotspot/src/share/vm/prims/methodHandles.cpp, line 1146]
Event: 2.480 Thread 0x00007fc28e808800 Exception <a 'java/io/FileNotFoundException'> (0x00000007aad36440) thrown at [/Users/java_re/workspace/8-2-build-macosx-x86_64/jdk8u112/7935/hotspot/src/share/vm/prims/jni.cpp, line 709]
Event: 2.480 Thread 0x00007fc28e808800 Exception <a 'java/io/FileNotFoundException'> (0x00000007aad36fe8) thrown at [/Users/java_re/workspace/8-2-build-macosx-x86_64/jdk8u112/7935/hotspot/src/share/vm/prims/jni.cpp, line 709]

Events (10 events):
Event: 3.851 loading class sun/nio/cs/UnicodeDecoder done
Event: 3.851 loading class sun/nio/cs/UTF_16$Decoder done
Event: 3.853 loading class sun/font/SunFontManager$10
Event: 3.853 loading class sun/font/SunFontManager$10 done
Event: 3.854 loading class sun/font/CFontManager$3
Event: 3.854 loading class sun/font/CFontManager$3 done
Event: 4.831 Executing VM operation: EnableBiasedLocking
Event: 4.832 Executing VM operation: EnableBiasedLocking done
Event: 4.858 loading class sun/font/CFont
Event: 4.859 loading class sun/font/CFont done


Dynamic libraries:
0x000000001d375000 	/System/Library/Frameworks/Cocoa.framework/Versions/A/Cocoa
0x000000001d375000 	/System/Library/Frameworks/Security.framework/Versions/A/Security
0x000000001d375000 	/System/Library/Frameworks/ApplicationServices.framework/Versions/A/ApplicationServices
0x000000001d375000 	/usr/lib/libz.1.dylib
0x000000001d375000 	/usr/lib/libSystem.B.dylib
0x000000001d375000 	/usr/lib/libobjc.A.dylib
0x000000001d375000 	/System/Library/Frameworks/CoreFoundation.framework/Versions/A/CoreFoundation
0x000000001d375000 	/System/Library/Frameworks/Foundation.framework/Versions/C/Foundation
0x000000001d375000 	/System/Library/Frameworks/AppKit.framework/Versions/C/AppKit
0x000000001d375000 	/System/Library/Frameworks/CoreData.framework/Versions/A/CoreData
0x000000001d375000 	/System/Library/PrivateFrameworks/RemoteViewServices.framework/Versions/A/RemoteViewServices
0x000000001d375000 	/System/Library/PrivateFrameworks/UIFoundation.framework/Versions/A/UIFoundation
0x000000001d375000 	/System/Library/PrivateFrameworks/DFRFoundation.framework/Versions/A/DFRFoundation
0x000000001d375000 	/System/Library/Frameworks/Metal.framework/Versions/A/Metal
0x000000001d375000 	/System/Library/PrivateFrameworks/DesktopServicesPriv.framework/Versions/A/DesktopServicesPriv
0x000000001d375000 	/usr/lib/libenergytrace.dylib
0x000000001d375000 	/System/Library/PrivateFrameworks/SkyLight.framework/Versions/A/SkyLight
0x000000001d375000 	/System/Library/Frameworks/CoreGraphics.framework/Versions/A/CoreGraphics
0x000000001d375000 	/usr/lib/libScreenReader.dylib
0x000000001d375000 	/System/Library/Frameworks/Accelerate.framework/Versions/A/Accelerate
0x000000001d375000 	/System/Library/Frameworks/IOSurface.framework/Versions/A/IOSurface
0x000000001d375000 	/System/Library/Frameworks/AudioToolbox.framework/Versions/A/AudioToolbox
0x000000001d375000 	/System/Library/Frameworks/AudioUnit.framework/Versions/A/AudioUnit
0x000000001d375000 	/System/Library/PrivateFrameworks/DataDetectorsCore.framework/Versions/A/DataDetectorsCore
0x000000001d375000 	/System/Library/Frameworks/Carbon.framework/Versions/A/Frameworks/HIToolbox.framework/Versions/A/HIToolbox
0x000000001d375000 	/usr/lib/libicucore.A.dylib
0x000000001d375000 	/System/Library/Frameworks/QuartzCore.framework/Versions/A/QuartzCore
0x000000001d375000 	/System/Library/Frameworks/Carbon.framework/Versions/A/Frameworks/SpeechRecognition.framework/Versions/A/SpeechRecognition
0x000000001d375000 	/usr/lib/libauto.dylib
0x000000001d375000 	/usr/lib/libxml2.2.dylib
0x000000001d375000 	/System/Library/PrivateFrameworks/CoreUI.framework/Versions/A/CoreUI
0x000000001d375000 	/System/Library/Frameworks/CoreAudio.framework/Versions/A/CoreAudio
0x000000001d375000 	/System/Library/Frameworks/DiskArbitration.framework/Versions/A/DiskArbitration
0x000000001d375000 	/usr/lib/liblangid.dylib
0x000000001d375000 	/System/Library/PrivateFrameworks/MultitouchSupport.framework/Versions/A/MultitouchSupport
0x000000001d375000 	/System/Library/Frameworks/IOKit.framework/Versions/A/IOKit
0x000000001d375000 	/usr/lib/libDiagnosticMessagesClient.dylib
0x000000001d375000 	/System/Library/Frameworks/CoreServices.framework/Versions/A/CoreServices
0x000000001d375000 	/System/Library/PrivateFrameworks/PerformanceAnalysis.framework/Versions/A/PerformanceAnalysis
0x000000001d375000 	/System/Library/Frameworks/OpenGL.framework/Versions/A/OpenGL
0x000000001d375000 	/System/Library/Frameworks/ColorSync.framework/Versions/A/ColorSync
0x000000001d375000 	/System/Library/Frameworks/CoreImage.framework/Versions/A/CoreImage
0x000000001d375000 	/System/Library/Frameworks/CoreText.framework/Versions/A/CoreText
0x000000001d375000 	/System/Library/Frameworks/ImageIO.framework/Versions/A/ImageIO
0x000000001d375000 	/System/Library/PrivateFrameworks/Backup.framework/Versions/A/Backup
0x000000001d375000 	/usr/lib/libarchive.2.dylib
0x000000001d375000 	/System/Library/Frameworks/CFNetwork.framework/Versions/A/CFNetwork
0x000000001d375000 	/System/Library/Frameworks/SystemConfiguration.framework/Versions/A/SystemConfiguration
0x000000001d375000 	/usr/lib/libCRFSuite.dylib
0x000000001d375000 	/usr/lib/libc++.1.dylib
0x000000001d375000 	/usr/lib/libc++abi.dylib
0x000000001d375000 	/usr/lib/system/libcache.dylib
0x000000001d375000 	/usr/lib/system/libcommonCrypto.dylib
0x000000001d375000 	/usr/lib/system/libcompiler_rt.dylib
0x000000001d375000 	/usr/lib/system/libcopyfile.dylib
0x000000001d375000 	/usr/lib/system/libcorecrypto.dylib
0x000000001d375000 	/usr/lib/system/libdispatch.dylib
0x000000001d375000 	/usr/lib/system/libdyld.dylib
0x000000001d375000 	/usr/lib/system/libkeymgr.dylib
0x000000001d375000 	/usr/lib/system/liblaunch.dylib
0x000000001d375000 	/usr/lib/system/libmacho.dylib
0x000000001d375000 	/usr/lib/system/libquarantine.dylib
0x000000001d375000 	/usr/lib/system/libremovefile.dylib
0x000000001d375000 	/usr/lib/system/libsystem_asl.dylib
0x000000001d375000 	/usr/lib/system/libsystem_blocks.dylib
0x000000001d375000 	/usr/lib/system/libsystem_c.dylib
0x000000001d375000 	/usr/lib/system/libsystem_configuration.dylib
0x000000001d375000 	/usr/lib/system/libsystem_coreservices.dylib
0x000000001d375000 	/usr/lib/system/libsystem_darwin.dylib
0x000000001d375000 	/usr/lib/system/libsystem_dnssd.dylib
0x000000001d375000 	/usr/lib/system/libsystem_info.dylib
0x000000001d375000 	/usr/lib/system/libsystem_m.dylib
0x000000001d375000 	/usr/lib/system/libsystem_malloc.dylib
0x000000001d375000 	/usr/lib/system/libsystem_network.dylib
0x000000001d375000 	/usr/lib/system/libsystem_networkextension.dylib
0x000000001d375000 	/usr/lib/system/libsystem_notify.dylib
0x000000001d375000 	/usr/lib/system/libsystem_sandbox.dylib
0x000000001d375000 	/usr/lib/system/libsystem_secinit.dylib
0x000000001d375000 	/usr/lib/system/libsystem_kernel.dylib
0x000000001d375000 	/usr/lib/system/libsystem_platform.dylib
0x000000001d375000 	/usr/lib/system/libsystem_pthread.dylib
0x000000001d375000 	/usr/lib/system/libsystem_symptoms.dylib
0x000000001d375000 	/usr/lib/system/libsystem_trace.dylib
0x000000001d375000 	/usr/lib/system/libunwind.dylib
0x000000001d375000 	/usr/lib/system/libxpc.dylib
0x000000001d375000 	/usr/lib/closure/libclosured.dylib
0x000000001d375000 	/usr/lib/libbsm.0.dylib
0x000000001d375000 	/usr/lib/system/libkxld.dylib
0x000000001d375000 	/usr/lib/libOpenScriptingUtil.dylib
0x000000001d375000 	/usr/lib/libcoretls.dylib
0x000000001d375000 	/usr/lib/libcoretls_cfhelpers.dylib
0x000000001d375000 	/usr/lib/libpam.2.dylib
0x000000001d375000 	/usr/lib/libsqlite3.dylib
0x000000001d375000 	/usr/lib/libxar.1.dylib
0x000000001d375000 	/usr/lib/libbz2.1.0.dylib
0x000000001d375000 	/usr/lib/liblzma.5.dylib
0x000000001d375000 	/usr/lib/libnetwork.dylib
0x000000001d375000 	/usr/lib/libapple_nghttp2.dylib
0x000000001d375000 	/usr/lib/libpcap.A.dylib
0x000000001d375000 	/usr/lib/libboringssl.dylib
0x000000001d375000 	/usr/lib/libusrtcp.dylib
0x000000001d375000 	/usr/lib/libapple_crypto.dylib
0x000000001d375000 	/System/Library/Frameworks/CoreServices.framework/Versions/A/Frameworks/FSEvents.framework/Versions/A/FSEvents
0x000000001d375000 	/System/Library/Frameworks/CoreServices.framework/Versions/A/Frameworks/CarbonCore.framework/Versions/A/CarbonCore
0x000000001d375000 	/System/Library/Frameworks/CoreServices.framework/Versions/A/Frameworks/Metadata.framework/Versions/A/Metadata
0x000000001d375000 	/System/Library/Frameworks/CoreServices.framework/Versions/A/Frameworks/OSServices.framework/Versions/A/OSServices
0x000000001d375000 	/System/Library/Frameworks/CoreServices.framework/Versions/A/Frameworks/SearchKit.framework/Versions/A/SearchKit
0x000000001d375000 	/System/Library/Frameworks/CoreServices.framework/Versions/A/Frameworks/AE.framework/Versions/A/AE
0x000000001d375000 	/System/Library/Frameworks/CoreServices.framework/Versions/A/Frameworks/LaunchServices.framework/Versions/A/LaunchServices
0x000000001d375000 	/System/Library/Frameworks/CoreServices.framework/Versions/A/Frameworks/DictionaryServices.framework/Versions/A/DictionaryServices
0x000000001d375000 	/System/Library/Frameworks/CoreServices.framework/Versions/A/Frameworks/SharedFileList.framework/Versions/A/SharedFileList
0x000000001d375000 	/System/Library/Frameworks/NetFS.framework/Versions/A/NetFS
0x000000001d375000 	/System/Library/PrivateFrameworks/NetAuth.framework/Versions/A/NetAuth
0x000000001d375000 	/System/Library/PrivateFrameworks/login.framework/Versions/A/Frameworks/loginsupport.framework/Versions/A/loginsupport
0x000000001d375000 	/System/Library/PrivateFrameworks/TCC.framework/Versions/A/TCC
0x000000001d375000 	/usr/lib/libmecabra.dylib
0x000000001d375000 	/System/Library/Frameworks/ApplicationServices.framework/Versions/A/Frameworks/ATS.framework/Versions/A/ATS
0x000000001d375000 	/System/Library/Frameworks/ApplicationServices.framework/Versions/A/Frameworks/ColorSyncLegacy.framework/Versions/A/ColorSyncLegacy
0x000000001d375000 	/System/Library/Frameworks/ApplicationServices.framework/Versions/A/Frameworks/HIServices.framework/Versions/A/HIServices
0x000000001d375000 	/System/Library/Frameworks/ApplicationServices.framework/Versions/A/Frameworks/LangAnalysis.framework/Versions/A/LangAnalysis
0x000000001d375000 	/System/Library/Frameworks/ApplicationServices.framework/Versions/A/Frameworks/PrintCore.framework/Versions/A/PrintCore
0x000000001d375000 	/System/Library/Frameworks/ApplicationServices.framework/Versions/A/Frameworks/QD.framework/Versions/A/QD
0x000000001d375000 	/System/Library/Frameworks/ApplicationServices.framework/Versions/A/Frameworks/SpeechSynthesis.framework/Versions/A/SpeechSynthesis
0x000000001d375000 	/System/Library/Frameworks/CoreDisplay.framework/Versions/A/CoreDisplay
0x000000001d375000 	/System/Library/Frameworks/Accelerate.framework/Versions/A/Frameworks/vImage.framework/Versions/A/vImage
0x000000001d375000 	/System/Library/Frameworks/Accelerate.framework/Versions/A/Frameworks/vecLib.framework/Versions/A/vecLib
0x000000001d375000 	/System/Library/Frameworks/Accelerate.framework/Versions/A/Frameworks/vecLib.framework/Versions/A/libvDSP.dylib
0x000000001d375000 	/System/Library/Frameworks/Accelerate.framework/Versions/A/Frameworks/vecLib.framework/Versions/A/libBNNS.dylib
0x000000001d375000 	/System/Library/Frameworks/Accelerate.framework/Versions/A/Frameworks/vecLib.framework/Versions/A/libQuadrature.dylib
0x000000001d375000 	/System/Library/Frameworks/Accelerate.framework/Versions/A/Frameworks/vecLib.framework/Versions/A/libvMisc.dylib
0x000000001d375000 	/System/Library/Frameworks/Accelerate.framework/Versions/A/Frameworks/vecLib.framework/Versions/A/libLAPACK.dylib
0x000000001d375000 	/System/Library/Frameworks/Accelerate.framework/Versions/A/Frameworks/vecLib.framework/Versions/A/libBLAS.dylib
0x000000001d375000 	/System/Library/Frameworks/Accelerate.framework/Versions/A/Frameworks/vecLib.framework/Versions/A/libLinearAlgebra.dylib
0x000000001d375000 	/System/Library/Frameworks/Accelerate.framework/Versions/A/Frameworks/vecLib.framework/Versions/A/libSparse.dylib
0x000000001d375000 	/System/Library/Frameworks/Accelerate.framework/Versions/A/Frameworks/vecLib.framework/Versions/A/libSparseBLAS.dylib
0x000000001d375000 	/System/Library/PrivateFrameworks/IOAccelerator.framework/Versions/A/IOAccelerator
0x000000001d375000 	/System/Library/PrivateFrameworks/IOPresentment.framework/Versions/A/IOPresentment
0x000000001d375000 	/System/Library/PrivateFrameworks/DSExternalDisplay.framework/Versions/A/DSExternalDisplay
0x000000001d375000 	/System/Library/Frameworks/OpenGL.framework/Versions/A/Libraries/libCoreFSCache.dylib
0x000000001d375000 	/System/Library/Frameworks/CoreVideo.framework/Versions/A/CoreVideo
0x000000001d375000 	/System/Library/PrivateFrameworks/GraphVisualizer.framework/Versions/A/GraphVisualizer
0x000000001d375000 	/System/Library/Frameworks/MetalPerformanceShaders.framework/Versions/A/MetalPerformanceShaders
0x000000001d375000 	/usr/lib/libFosl_dynamic.dylib
0x000000001d375000 	/System/Library/PrivateFrameworks/FaceCore.framework/Versions/A/FaceCore
0x000000001d375000 	/System/Library/Frameworks/OpenCL.framework/Versions/A/OpenCL
0x000000001d375000 	/usr/lib/libcompression.dylib
0x000000001d375000 	/System/Library/Frameworks/ApplicationServices.framework/Versions/A/Frameworks/ATS.framework/Versions/A/Resources/libFontParser.dylib
0x000000001d375000 	/System/Library/Frameworks/ApplicationServices.framework/Versions/A/Frameworks/ATS.framework/Versions/A/Resources/libFontRegistry.dylib
0x000000001d375000 	/System/Library/Frameworks/ImageIO.framework/Versions/A/Resources/libJPEG.dylib
0x000000001d375000 	/System/Library/Frameworks/ImageIO.framework/Versions/A/Resources/libTIFF.dylib
0x000000001d375000 	/System/Library/Frameworks/ImageIO.framework/Versions/A/Resources/libPng.dylib
0x000000001d375000 	/System/Library/Frameworks/ImageIO.framework/Versions/A/Resources/libGIF.dylib
0x000000001d375000 	/System/Library/Frameworks/ImageIO.framework/Versions/A/Resources/libJP2.dylib
0x000000001d375000 	/System/Library/Frameworks/ImageIO.framework/Versions/A/Resources/libRadiance.dylib
0x000000001d375000 	/System/Library/PrivateFrameworks/AppleJPEG.framework/Versions/A/AppleJPEG
0x000000001d375000 	/System/Library/PrivateFrameworks/MetalTools.framework/Versions/A/MetalTools
0x000000001d375000 	/System/Library/Frameworks/MetalPerformanceShaders.framework/Frameworks/MPSCore.framework/Versions/A/MPSCore
0x000000001d375000 	/System/Library/Frameworks/MetalPerformanceShaders.framework/Frameworks/MPSImage.framework/Versions/A/MPSImage
0x000000001d375000 	/System/Library/Frameworks/MetalPerformanceShaders.framework/Frameworks/MPSMatrix.framework/Versions/A/MPSMatrix
0x000000001d375000 	/System/Library/Frameworks/MetalPerformanceShaders.framework/Frameworks/MPSNeuralNetwork.framework/Versions/A/MPSNeuralNetwork
0x000000001d375000 	/System/Library/Frameworks/OpenGL.framework/Versions/A/Libraries/libGLU.dylib
0x000000001d375000 	/System/Library/Frameworks/OpenGL.framework/Versions/A/Libraries/libGFXShared.dylib
0x000000001d375000 	/System/Library/Frameworks/OpenGL.framework/Versions/A/Libraries/libGL.dylib
0x000000001d375000 	/System/Library/Frameworks/OpenGL.framework/Versions/A/Libraries/libGLImage.dylib
0x000000001d375000 	/System/Library/Frameworks/OpenGL.framework/Versions/A/Libraries/libCVMSPluginSupport.dylib
0x000000001d375000 	/System/Library/Frameworks/OpenGL.framework/Versions/A/Libraries/libCoreVMClient.dylib
0x000000001d375000 	/usr/lib/libcups.2.dylib
0x000000001d375000 	/System/Library/Frameworks/Kerberos.framework/Versions/A/Kerberos
0x000000001d375000 	/System/Library/Frameworks/GSS.framework/Versions/A/GSS
0x000000001d375000 	/usr/lib/libresolv.9.dylib
0x000000001d375000 	/usr/lib/libiconv.2.dylib
0x000000001d375000 	/System/Library/PrivateFrameworks/Heimdal.framework/Versions/A/Heimdal
0x000000001d375000 	/usr/lib/libheimdal-asn1.dylib
0x000000001d375000 	/System/Library/Frameworks/OpenDirectory.framework/Versions/A/OpenDirectory
0x000000001d375000 	/System/Library/PrivateFrameworks/CommonAuth.framework/Versions/A/CommonAuth
0x000000001d375000 	/System/Library/Frameworks/OpenDirectory.framework/Versions/A/Frameworks/CFOpenDirectory.framework/Versions/A/CFOpenDirectory
0x000000001d375000 	/System/Library/Frameworks/SecurityFoundation.framework/Versions/A/SecurityFoundation
0x000000001d375000 	/System/Library/PrivateFrameworks/APFS.framework/Versions/A/APFS
0x000000001d375000 	/usr/lib/libutil.dylib
0x000000001d375000 	/System/Library/PrivateFrameworks/AppleSauce.framework/Versions/A/AppleSauce
0x000000001d375000 	/System/Library/PrivateFrameworks/LinguisticData.framework/Versions/A/LinguisticData
0x000000001d375000 	/usr/lib/libmarisa.dylib
0x000000001d375000 	/System/Library/PrivateFrameworks/Lexicon.framework/Versions/A/Lexicon
0x000000001d375000 	/usr/lib/libChineseTokenizer.dylib
0x000000001d375000 	/usr/lib/libcmph.dylib
0x000000001d375000 	/System/Library/PrivateFrameworks/LanguageModeling.framework/Versions/A/LanguageModeling
0x000000001d375000 	/System/Library/PrivateFrameworks/CoreEmoji.framework/Versions/A/CoreEmoji
0x000000001d375000 	/System/Library/Frameworks/ServiceManagement.framework/Versions/A/ServiceManagement
0x000000001d375000 	/System/Library/PrivateFrameworks/BackgroundTaskManagement.framework/Versions/A/BackgroundTaskManagement
0x000000001d375000 	/usr/lib/libxslt.1.dylib
0x000000001d375000 	/System/Library/Frameworks/Carbon.framework/Versions/A/Frameworks/Ink.framework/Versions/A/Ink
0x000000001d375000 	/System/Library/PrivateFrameworks/TextureIO.framework/Versions/A/TextureIO
0x000000001d375000 	/usr/lib/libate.dylib
0x000000001d375000 	/System/Library/PrivateFrameworks/CrashReporterSupport.framework/Versions/A/CrashReporterSupport
0x000000001d375000 	/System/Library/PrivateFrameworks/Sharing.framework/Versions/A/Sharing
0x000000001d375000 	/System/Library/PrivateFrameworks/IconServices.framework/Versions/A/IconServices
0x000000001d375000 	/System/Library/PrivateFrameworks/ProtocolBuffer.framework/Versions/A/ProtocolBuffer
0x000000001d375000 	/System/Library/PrivateFrameworks/Apple80211.framework/Versions/A/Apple80211
0x000000001d375000 	/System/Library/Frameworks/CoreWLAN.framework/Versions/A/CoreWLAN
0x000000001d375000 	/System/Library/PrivateFrameworks/CoreUtils.framework/Versions/A/CoreUtils
0x000000001d375000 	/System/Library/Frameworks/IOBluetooth.framework/Versions/A/IOBluetooth
0x000000001d375000 	/System/Library/PrivateFrameworks/CoreWiFi.framework/Versions/A/CoreWiFi
0x000000001d375000 	/System/Library/Frameworks/CoreBluetooth.framework/Versions/A/CoreBluetooth
0x000000001d375000 	/System/Library/PrivateFrameworks/SignpostNotification.framework/Versions/A/SignpostNotification
0x000000001d375000 	/System/Library/PrivateFrameworks/DebugSymbols.framework/Versions/A/DebugSymbols
0x000000001d375000 	/System/Library/PrivateFrameworks/CoreSymbolication.framework/Versions/A/CoreSymbolication
0x000000001d375000 	/System/Library/PrivateFrameworks/Symbolication.framework/Versions/A/Symbolication
0x000000001d375000 	/System/Library/PrivateFrameworks/AppleFSCompression.framework/Versions/A/AppleFSCompression
0x000000001d375000 	/System/Library/PrivateFrameworks/SpeechRecognitionCore.framework/Versions/A/SpeechRecognitionCore
0x000000010e600000 	/Library/Java/JavaVirtualMachines/jdk1.8.0_112.jdk/Contents/Home/jre/lib/server/libjvm.dylib
0x000000001d375000 	/usr/lib/libstdc++.6.0.9.dylib
0x000000010dc5b000 	/Library/Java/JavaVirtualMachines/jdk1.8.0_112.jdk/Contents/Home/jre/lib/libverify.dylib
0x000000010dc69000 	/Library/Java/JavaVirtualMachines/jdk1.8.0_112.jdk/Contents/Home/jre/lib/libjava.dylib
0x000000010dce8000 	/Library/Java/JavaVirtualMachines/jdk1.8.0_112.jdk/Contents/Home/jre/lib/libzip.dylib
0x000000001d375000 	/System/Library/Frameworks/JavaVM.framework/Versions/A/Frameworks/JavaRuntimeSupport.framework/Versions/A/JavaRuntimeSupport
0x000000001d375000 	/System/Library/Frameworks/JavaVM.framework/Versions/A/Frameworks/JavaNativeFoundation.framework/Versions/A/JavaNativeFoundation
0x000000001d375000 	/System/Library/Frameworks/JavaVM.framework/Versions/A/JavaVM
0x000000001d375000 	/System/Library/Frameworks/Carbon.framework/Versions/A/Carbon
0x000000001d375000 	/System/Library/PrivateFrameworks/JavaLaunching.framework/Versions/A/JavaLaunching
0x000000001d375000 	/System/Library/Frameworks/Carbon.framework/Versions/A/Frameworks/CommonPanels.framework/Versions/A/CommonPanels
0x000000001d375000 	/System/Library/Frameworks/Carbon.framework/Versions/A/Frameworks/Help.framework/Versions/A/Help
0x000000001d375000 	/System/Library/Frameworks/Carbon.framework/Versions/A/Frameworks/ImageCapture.framework/Versions/A/ImageCapture
0x000000001d375000 	/System/Library/Frameworks/Carbon.framework/Versions/A/Frameworks/OpenScripting.framework/Versions/A/OpenScripting
0x000000001d375000 	/System/Library/Frameworks/Carbon.framework/Versions/A/Frameworks/Print.framework/Versions/A/Print
0x000000001d375000 	/System/Library/Frameworks/Carbon.framework/Versions/A/Frameworks/SecurityHI.framework/Versions/A/SecurityHI
0x0000000115259000 	/Library/Java/JavaVirtualMachines/jdk1.8.0_112.jdk/Contents/Home/jre/lib/libawt.dylib
0x0000000115301000 	/Library/Java/JavaVirtualMachines/jdk1.8.0_112.jdk/Contents/Home/jre/lib/./libmlib_image.dylib
0x00000001153cd000 	/Library/Java/JavaVirtualMachines/jdk1.8.0_112.jdk/Contents/Home/jre/lib/libawt_lwawt.dylib
0x0000000115484000 	/Library/Java/JavaVirtualMachines/jdk1.8.0_112.jdk/Contents/Home/jre/lib/./libosxapp.dylib
0x000000001d375000 	/System/Library/Frameworks/ExceptionHandling.framework/Versions/A/ExceptionHandling
0x000000001d375000 	/System/Library/PrivateFrameworks/CoreServicesInternal.framework/Versions/A/CoreServicesInternal
0x000000001d375000 	/System/Library/CoreServices/RawCamera.bundle/Contents/MacOS/RawCamera
0x000000001d375000 	/System/Library/PrivateFrameworks/MobileAsset.framework/Versions/A/MobileAsset
0x000000001d375000 	/System/Library/PrivateFrameworks/StreamingZip.framework/Versions/A/StreamingZip
0x000000001d375000 	/System/Library/Frameworks/MediaToolbox.framework/Versions/A/MediaToolbox
0x000000001d375000 	/System/Library/PrivateFrameworks/CoreAVCHD.framework/Versions/A/CoreAVCHD
0x000000001d375000 	/System/Library/Frameworks/MediaAccessibility.framework/Versions/A/MediaAccessibility
0x000000001d375000 	/System/Library/PrivateFrameworks/Mangrove.framework/Versions/A/Mangrove
0x000000001d375000 	/System/Library/Frameworks/CoreMedia.framework/Versions/A/CoreMedia
0x000000001d375000 	/System/Library/Frameworks/VideoToolbox.framework/Versions/A/VideoToolbox
0x000000001d375000 	/System/Library/PrivateFrameworks/CoreAUC.framework/Versions/A/CoreAUC
0x000000001d375000 	/usr/lib/libspindump.dylib
0x000000001d375000 	/usr/lib/libdscsym.dylib
0x000000001d375000 	/System/Library/PrivateFrameworks/AppleVA.framework/Versions/A/AppleVA
0x000000001d375000 	/System/Library/Frameworks/Accelerate.framework/Versions/A/Frameworks/vImage.framework/Versions/A/Libraries/libCGInterfaces.dylib
0x000000001d375000 	/System/Library/Frameworks/ApplicationServices.framework/Versions/A/Frameworks/ATS.framework/Versions/A/Resources/libTrueTypeScaler.dylib
0x000000001d375000 	/System/Library/Frameworks/OpenGL.framework/Versions/A/Resources/GLEngine.bundle/GLEngine
0x000000001d375000 	/System/Library/Frameworks/OpenGL.framework/Versions/A/Libraries/libGLProgrammability.dylib
0x00000001172f0000 	/System/Library/Extensions/AppleIntelHD3000GraphicsGLDriver.bundle/Contents/MacOS/AppleIntelHD3000GraphicsGLDriver
0x000000001d375000 	/System/Library/PrivateFrameworks/GPUSupport.framework/Versions/A/Libraries/libGPUSupport.dylib
0x000000001d375000 	/System/Library/Frameworks/OpenGL.framework/Versions/A/Resources/GLRendererFloat.bundle/GLRendererFloat
0x000000001d375000 	/System/Library/Frameworks/OpenCL.framework/Versions/A/Libraries/libcldcpuengine.dylib
0x000000001d375000 	/usr/lib/libcrypto.35.dylib
0x000000001d375000 	/System/Library/PrivateFrameworks/TrustEvaluationAgent.framework/Versions/A/TrustEvaluationAgent
0x000000001d375000 	/System/Library/PrivateFrameworks/FamilyControls.framework/Versions/A/FamilyControls
0x000000001d375000 	/System/Library/PrivateFrameworks/CommerceKit.framework/Versions/A/Frameworks/CommerceCore.framework/Versions/A/CommerceCore
0x000000001d375000 	/System/Library/PrivateFrameworks/SystemAdministration.framework/Versions/A/SystemAdministration
0x000000001d375000 	/System/Library/PrivateFrameworks/AppContainer.framework/Versions/A/AppContainer
0x000000001d375000 	/System/Library/PrivateFrameworks/SecCodeWrapper.framework/Versions/A/SecCodeWrapper
0x000000001d375000 	/System/Library/PrivateFrameworks/DiskManagement.framework/Versions/A/DiskManagement
0x000000001d375000 	/System/Library/Frameworks/DirectoryService.framework/Versions/A/DirectoryService
0x000000001d375000 	/System/Library/PrivateFrameworks/DiskImages.framework/Versions/A/DiskImages
0x000000001d375000 	/System/Library/PrivateFrameworks/LoginUIKit.framework/Versions/A/Frameworks/LoginUICore.framework/Versions/A/LoginUICore
0x000000001d375000 	/usr/lib/libCoreStorage.dylib
0x000000001d375000 	/usr/lib/libcsfde.dylib
0x000000001d375000 	/usr/lib/libodfde.dylib
0x000000001d375000 	/System/Library/PrivateFrameworks/MediaKit.framework/Versions/A/MediaKit
0x000000001d375000 	/System/Library/Frameworks/DiscRecording.framework/Versions/A/DiscRecording
0x000000001d375000 	/System/Library/PrivateFrameworks/EFILogin.framework/Versions/A/EFILogin
0x000000001d375000 	/System/Library/PrivateFrameworks/ProtectedCloudStorage.framework/Versions/A/ProtectedCloudStorage
0x000000001d375000 	/usr/lib/libcurl.4.dylib
0x000000001d375000 	/usr/lib/libssl.35.dylib
0x000000001d375000 	/System/Library/Frameworks/LDAP.framework/Versions/A/LDAP
0x000000001d375000 	/usr/lib/libsasl2.2.dylib
0x000000001d375000 	/System/Library/PrivateFrameworks/CoreDaemon.framework/Versions/B/CoreDaemon
0x000000001d375000 	/System/Library/PrivateFrameworks/AppleSRP.framework/Versions/A/AppleSRP
0x0000000117d04000 	/Library/Java/JavaVirtualMachines/jdk1.8.0_112.jdk/Contents/Home/jre/lib/libfontmanager.dylib
0x00000001177b0000 	/Library/Java/JavaVirtualMachines/jdk1.8.0_112.jdk/Contents/Home/jre/lib/libosxui.dylib
0x000000001d375000 	/System/Library/PrivateFrameworks/ViewBridge.framework/Versions/A/ViewBridge
0x0000000119b49000 	/Library/Java/JavaVirtualMachines/jdk1.8.0_112.jdk/Contents/Home/jre/lib/libnet.dylib
0x000000011967a000 	/Library/Java/JavaVirtualMachines/jdk1.8.0_112.jdk/Contents/Home/jre/lib/libnio.dylib

VM Arguments:
jvm_args: -Dfile.encoding=UTF-8 
java_command: main.Main
java_class_path (initial): /Users/davidgreyes06/git/TCSS360_DIYAPP/bin:/Users/davidgreyes06/.p2/pool/plugins/org.junit_4.12.0.v201504281640/junit.jar:/Users/davidgreyes06/.p2/pool/plugins/org.hamcrest.core_1.3.0.v201303031735.jar
Launcher Type: SUN_STANDARD

Environment Variables:
PATH=/usr/bin:/bin:/usr/sbin:/sbin
SHELL=/bin/bash
DISPLAY=/private/tmp/com.apple.launchd.P35nmelCs1/org.macosforge.xquartz:0

Signal Handlers:
SIGSEGV: [libjvm.dylib+0x5b11a5], sa_mask[0]=11111111011111110111111111111111, sa_flags=SA_ONSTACK|SA_RESTART|SA_SIGINFO
SIGBUS: [libjvm.dylib+0x5b11a5], sa_mask[0]=11111111011111110111111111111111, sa_flags=SA_RESTART|SA_SIGINFO
SIGFPE: [libjvm.dylib+0x487dc0], sa_mask[0]=11111111011111110111111111111111, sa_flags=SA_RESTART|SA_SIGINFO
SIGPIPE: [libjvm.dylib+0x487dc0], sa_mask[0]=11111111011111110111111111111111, sa_flags=SA_RESTART|SA_SIGINFO
SIGXFSZ: [libjvm.dylib+0x487dc0], sa_mask[0]=11111111011111110111111111111111, sa_flags=SA_RESTART|SA_SIGINFO
SIGILL: [libjvm.dylib+0x487dc0], sa_mask[0]=11111111011111110111111111111111, sa_flags=SA_RESTART|SA_SIGINFO
SIGUSR1: SIG_DFL, sa_mask[0]=00000000000000000000000000000000, sa_flags=none
SIGUSR2: [libjvm.dylib+0x4878de], sa_mask[0]=00100000000000000000000000000000, sa_flags=SA_RESTART|SA_SIGINFO
SIGHUP: [libjvm.dylib+0x485eb5], sa_mask[0]=11111111011111110111111111111111, sa_flags=SA_RESTART|SA_SIGINFO
SIGINT: [libjvm.dylib+0x485eb5], sa_mask[0]=11111111011111110111111111111111, sa_flags=SA_RESTART|SA_SIGINFO
SIGTERM: [libjvm.dylib+0x485eb5], sa_mask[0]=11111111011111110111111111111111, sa_flags=SA_RESTART|SA_SIGINFO
SIGQUIT: [libjvm.dylib+0x485eb5], sa_mask[0]=11111111011111110111111111111111, sa_flags=SA_RESTART|SA_SIGINFO


---------------  S Y S T E M  ---------------

OS:Bsduname:Darwin 17.2.0 Darwin Kernel Version 17.2.0: Fri Sep 29 18:27:05 PDT 2017; root:xnu-4570.20.62~3/RELEASE_X86_64 x86_64
rlimit: STACK 8192k, CORE 0k, NPROC 709, NOFILE 10240, AS infinity
load average:2.10 2.05 2.03

CPU:total 4 (2 cores per cpu, 2 threads per core) family 6 model 42 stepping 7, cmov, cx8, fxsr, mmx, sse, sse2, sse3, ssse3, sse4.1, sse4.2, popcnt, avx, aes, clmul, ht, tsc, tscinvbit

Memory: 4k page, physical 4194304k(17868k free)

/proc/meminfo:


vm_info: Java HotSpot(TM) 64-Bit Server VM (25.112-b16) for bsd-amd64 JRE (1.8.0_112-b16), built on Sep 30 2016 22:41:41 by "java_re" with gcc 4.2.1 (Based on Apple Inc. build 5658) (LLVM build 2336.11.00)

time: Sat Apr 28 16:30:06 2018
elapsed time: 26 seconds (0d 0h 0m 26s)

